c:\users\marco\onedrive\desktop\tesi\ophthalmologythesis\visualstudiothesiscode\triangulatepoints\triangulatepoints\x64\release\vc142.pdb
c:\users\marco\onedrive\desktop\tesi\ophthalmologythesis\visualstudiothesiscode\triangulatepoints\triangulatepoints\x64\release\triangulatepoints.obj
c:\users\marco\onedrive\desktop\tesi\ophthalmologythesis\visualstudiothesiscode\triangulatepoints\x64\release\triangulatepoints.exe
c:\users\marco\onedrive\desktop\tesi\ophthalmologythesis\visualstudiothesiscode\triangulatepoints\x64\release\triangulatepoints.pdb
c:\users\marco\onedrive\desktop\tesi\ophthalmologythesis\visualstudiothesiscode\triangulatepoints\x64\release\triangulatepoints.lib
c:\users\marco\onedrive\desktop\tesi\ophthalmologythesis\visualstudiothesiscode\triangulatepoints\x64\release\triangulatepoints.exp
c:\users\marco\onedrive\desktop\tesi\ophthalmologythesis\visualstudiothesiscode\triangulatepoints\x64\release\triangulatepoints.ipdb
c:\users\marco\onedrive\desktop\tesi\ophthalmologythesis\visualstudiothesiscode\triangulatepoints\x64\release\triangulatepoints.iobj
c:\users\marco\onedrive\desktop\tesi\ophthalmologythesis\visualstudiothesiscode\triangulatepoints\triangulatepoints\x64\release\vcpkg.applocal.log
c:\users\marco\onedrive\desktop\tesi\ophthalmologythesis\visualstudiothesiscode\triangulatepoints\x64\release\pcl_common_release.dll
c:\users\marco\onedrive\desktop\tesi\ophthalmologythesis\visualstudiothesiscode\triangulatepoints\x64\release\boost_thread-vc142-mt-x64-1_73.dll
c:\users\marco\onedrive\desktop\tesi\ophthalmologythesis\visualstudiothesiscode\triangulatepoints\x64\release\pcl_search_release.dll
c:\users\marco\onedrive\desktop\tesi\ophthalmologythesis\visualstudiothesiscode\triangulatepoints\x64\release\pcl_octree_release.dll
c:\users\marco\onedrive\desktop\tesi\ophthalmologythesis\visualstudiothesiscode\triangulatepoints\x64\release\pcl_kdtree_release.dll
c:\users\marco\onedrive\desktop\tesi\ophthalmologythesis\visualstudiothesiscode\triangulatepoints\x64\release\lz4.dll
c:\users\marco\onedrive\desktop\tesi\ophthalmologythesis\visualstudiothesiscode\triangulatepoints\triangulatepoints\x64\release\triangul.9ace173a.tlog\cl.command.1.tlog
c:\users\marco\onedrive\desktop\tesi\ophthalmologythesis\visualstudiothesiscode\triangulatepoints\triangulatepoints\x64\release\triangul.9ace173a.tlog\cl.read.1.tlog
c:\users\marco\onedrive\desktop\tesi\ophthalmologythesis\visualstudiothesiscode\triangulatepoints\triangulatepoints\x64\release\triangul.9ace173a.tlog\cl.write.1.tlog
c:\users\marco\onedrive\desktop\tesi\ophthalmologythesis\visualstudiothesiscode\triangulatepoints\triangulatepoints\x64\release\triangul.9ace173a.tlog\link.command.1.tlog
c:\users\marco\onedrive\desktop\tesi\ophthalmologythesis\visualstudiothesiscode\triangulatepoints\triangulatepoints\x64\release\triangul.9ace173a.tlog\link.delete.1.tlog
c:\users\marco\onedrive\desktop\tesi\ophthalmologythesis\visualstudiothesiscode\triangulatepoints\triangulatepoints\x64\release\triangul.9ace173a.tlog\link.read.1.tlog
c:\users\marco\onedrive\desktop\tesi\ophthalmologythesis\visualstudiothesiscode\triangulatepoints\triangulatepoints\x64\release\triangul.9ace173a.tlog\link.write.1.tlog
c:\users\marco\onedrive\desktop\tesi\ophthalmologythesis\visualstudiothesiscode\triangulatepoints\triangulatepoints\x64\release\triangul.9ace173a.tlog\triangulatepoints.write.1u.tlog
